<?xml version="1.0" encoding="UTF-8"?>
<testng-results ignored="0" total="2" passed="2" failed="0" skipped="0">
  <reporter-output>
  </reporter-output>
  <suite started-at="2024-02-01T16:07:59 IST" name="Default suite" finished-at="2024-02-01T16:07:59 IST" duration-ms="64">
    <groups>
    </groups>
    <test started-at="2024-02-01T16:07:59 IST" name="Default test" finished-at="2024-02-01T16:07:59 IST" duration-ms="64">
      <class name="qaclickacademy.RESTAPITest">
        <test-method signature="deleteTwitter()[pri:0, instance:qaclickacademy.RESTAPITest@3bf9ce3e]" started-at="2024-02-01T16:07:59 IST" name="deleteTwitter" finished-at="2024-02-01T16:07:59 IST" duration-ms="10" status="PASS">
          <reporter-output>
          </reporter-output>
        </test-method> <!-- deleteTwitter -->
        <test-method signature="postJira()[pri:0, instance:qaclickacademy.RESTAPITest@3bf9ce3e]" started-at="2024-02-01T16:07:59 IST" name="postJira" finished-at="2024-02-01T16:07:59 IST" duration-ms="1" status="PASS">
          <reporter-output>
          </reporter-output>
        </test-method> <!-- postJira -->
      </class> <!-- qaclickacademy.RESTAPITest -->
    </test> <!-- Default test -->
  </suite> <!-- Default suite -->
</testng-results>
