<?xml version="1.0" encoding="UTF-8"?>
<!-- Generated by org.testng.reporters.JUnitXMLReporter -->
<testsuite ignored="2" hostname="KUBNEEZ" failures="0" tests="5" name="Car Loan" time="0.065" errors="0" timestamp="2023-12-29T17:01:26 IST">
  <testcase classname="test.day4" name="MobileloginCarloan" time="0.005"/>
  <testcase classname="test.day4" name="MobileloginCarloan" time="0.001"/>
  <testcase classname="test.day4" name="MobileloginCarloan" time="0.001"/>
  <testcase classname="test.day4" name="MobilesignUpCarloan" time="0.001"/>
  <testcase classname="test.day4" name="WebloginCarloan" time="0.001"/>
  <testcase classname="test.day4" name="MobilesignInCarloan" time="0.0">
    <ignored/>
  </testcase> <!-- MobilesignInCarloan -->
  <testcase classname="test.day4" name="APICarloan" time="0.0">
    <ignored/>
  </testcase> <!-- APICarloan -->
</testsuite> <!-- Car Loan -->
