<?xml version="1.0" encoding="UTF-8"?>
<testng-results ignored="0" total="2" passed="2" failed="0" skipped="0">
  <reporter-output>
  </reporter-output>
  <suite started-at="2023-12-28T17:26:51 IST" name="Default suite" finished-at="2023-12-28T17:26:51 IST" duration-ms="46">
    <groups>
    </groups>
    <test started-at="2023-12-28T17:26:51 IST" name="Default test" finished-at="2023-12-28T17:26:51 IST" duration-ms="46">
      <class name="TestNg1.TestNgclass1">
        <test-method signature="Demo()[pri:0, instance:TestNg1.TestNgclass1@2cd2a21f]" started-at="2023-12-28T17:26:51 IST" name="Demo" finished-at="2023-12-28T17:26:51 IST" duration-ms="10" status="PASS">
          <reporter-output>
          </reporter-output>
        </test-method> <!-- Demo -->
        <test-method signature="Demo1()[pri:0, instance:TestNg1.TestNgclass1@2cd2a21f]" started-at="2023-12-28T17:26:51 IST" name="Demo1" finished-at="2023-12-28T17:26:51 IST" duration-ms="1" status="PASS">
          <reporter-output>
          </reporter-output>
        </test-method> <!-- Demo1 -->
      </class> <!-- TestNg1.TestNgclass1 -->
    </test> <!-- Default test -->
  </suite> <!-- Default suite -->
</testng-results>
