<?xml version="1.0" encoding="UTF-8"?>
<testng-results ignored="0" total="1" passed="1" failed="0" skipped="0">
  <reporter-output>
  </reporter-output>
  <suite started-at="2023-12-30T19:42:57 IST" name="Default suite" finished-at="2023-12-30T19:42:57 IST" duration-ms="48">
    <groups>
    </groups>
    <test started-at="2023-12-30T19:42:57 IST" name="Default test" finished-at="2023-12-30T19:42:57 IST" duration-ms="48">
      <class name="inheritance.Ps1">
        <test-method is-config="true" signature="BeforeTest()[pri:0, instance:inheritance.Ps1@3059cbc]" started-at="2023-12-30T19:42:57 IST" name="BeforeTest" finished-at="2023-12-30T19:42:57 IST" duration-ms="5" status="PASS">
          <reporter-output>
          </reporter-output>
        </test-method> <!-- BeforeTest -->
        <test-method signature="testRun()[pri:0, instance:inheritance.Ps1@3059cbc]" started-at="2023-12-30T19:42:57 IST" name="testRun" finished-at="2023-12-30T19:42:57 IST" duration-ms="5" status="PASS">
          <reporter-output>
          </reporter-output>
        </test-method> <!-- testRun -->
        <test-method is-config="true" signature="AfterMethod()[pri:0, instance:inheritance.Ps1@3059cbc]" started-at="2023-12-30T19:42:57 IST" name="AfterMethod" finished-at="2023-12-30T19:42:57 IST" duration-ms="1" status="PASS">
          <reporter-output>
          </reporter-output>
        </test-method> <!-- AfterMethod -->
      </class> <!-- inheritance.Ps1 -->
    </test> <!-- Default test -->
  </suite> <!-- Default suite -->
</testng-results>
